C51 COMPILER V9.60.0.0   DOORCODE                                                          11/14/2020 21:21:07 PAGE 1   


C51 COMPILER V9.60.0.0, COMPILATION OF MODULE DOORCODE
OBJECT MODULE PLACED IN .\Objects\doorcode.obj
COMPILER INVOKED BY: C:\Keil_v5\C51\BIN\C51.EXE doorcode.c OPTIMIZE(8,SPEED) BROWSE DEBUG OBJECTEXTEND PRINT(.\Listings\
                    -doorcode.lst) TABS(2) OBJECT(.\Objects\doorcode.obj)

line level    source

   1          #include<reg51.h>
   2          #include<string.h>
   3          //Keypad connections
   4          sbit r1=P1^0;
   5          sbit r2=P1^1;
   6          sbit r3=P1^2;
   7          sbit r4=P1^3;
   8          sbit c1=P1^4;
   9          sbit c2=P1^5;
  10          sbit c3=P1^6;
  11          sbit c4=P1^7;
  12          //LCD control lines
  13          sbit RS = P3^0;
  14          sbit EN = P3^1;
  15          //Motor connections
  16          sbit IN1 =P3^2;
  17          sbit IN2 =P3^3;
  18          sbit IN3 =P3^4;
  19          sbit IN4 =P3^5;
  20          //user defined functions
  21          void lcdcmd(unsigned char); //LCD commands
  22          void lcddat(unsigned char); 
  23          void lcddisplay(unsigned char*); //LCD display
  24          unsigned char password[5]; 
  25          int x=0;
  26          int beep=0;
  27          unsigned char correctpassword[5]="02349"; //this is the correct password
  28          void delay(int);
  29          void check();
  30          void delay (int a){
  31   1          int i,j;
  32   1          for(i=0;i<a;i++){
  33   2              for(j=0;j<1275;j++);
  34   2          }
  35   1      }
  36          void lcdstart(){
  37   1          lcdcmd(0x01); //clear screen
  38   1          lcdcmd(0x38); // 5*7 matrix
  39   1          lcdcmd(0x0E); //display on, cursor blinking
  40   1          lcdcmd(0x80); //force cursor to beginning of first line
  41   1          lcddisplay("DOOR LOCK");
  42   1          lcdcmd(0xc0); //force cursor to beginning of second line
  43   1          lcddisplay("   SYSTEM");
  44   1          delay(1);
  45   1          lcdcmd(0x01); //clear screen
  46   1          lcddisplay("Enter Password");
  47   1          lcdcmd(0xc0); //force cursor to beginning of second line  
  48   1      }
  49          void solve(){
  50   1          lcdstart();
  51   1          while(1){        
  52   2              r1=0;r2=1;r3=1;r4=1;        
  53   2              if(c1==0){            
  54   3                  password[x]='1';
C51 COMPILER V9.60.0.0   DOORCODE                                                          11/14/2020 21:21:07 PAGE 2   

  55   3                  lcddat('*');  
  56   3                  delay(100);
  57   3                  lcdcmd(0x06);     //shift cursor to right        
  58   3                  x++;
  59   3              }
  60   2              if(c2==0){
  61   3                  password[x]='2';
  62   3                  lcddat('*');  
  63   3                  delay(100);
  64   3                  lcdcmd(0x06);     //shift cursor to right  
  65   3                  x++;
  66   3              }
  67   2              if(c3==0){
  68   3                  password[x]='3';
  69   3                  lcddat('*');  
  70   3                  delay(100);
  71   3                  lcdcmd(0x06);      //shift cursor to right      
  72   3                  x++;
  73   3              }
  74   2              r1=1;r2=0;r3=1;r4=1;
  75   2              if(c1==0){
  76   3                  password[x]='4';
  77   3                  lcddat('*');  
  78   3                  delay(100);
  79   3                  lcdcmd(0x06);      //shift cursor to right      
  80   3                  x++;
  81   3              }
  82   2              if(c2==0){
  83   3                  password[x]='5';
  84   3                  lcddat('*');  
  85   3                  delay(100);
  86   3                  lcdcmd(0x06);      //shift cursor to right      
  87   3                  x++;
  88   3              }
  89   2              if(c3==0){
  90   3                  password[x]='6';
  91   3                  lcddat('*');  
  92   3                  delay(100);
  93   3                  lcdcmd(0x06);   //shift cursor to right         
  94   3                  x++;
  95   3              }
  96   2              r1=1;r2=1;r3=0;r4=1;
  97   2              if(c1==0){
  98   3                  password[x]='7';
  99   3                  lcddat('*');  
 100   3                  delay(100);
 101   3                  lcdcmd(0x06);       //shift cursor to right     
 102   3                  x++;
 103   3              }
 104   2              if(c2==0){
 105   3                  password[x]='8';
 106   3                  lcddat('*');  
 107   3                  delay(100);
 108   3                  lcdcmd(0x06);       //shift cursor to right     
 109   3                  x++;
 110   3              }
 111   2              if(c3==0){
 112   3                  password[x]='9';
 113   3                  lcddat('*');  
 114   3                  delay(100);
 115   3                  lcdcmd(0x06);      //shift cursor to right      
 116   3                  x++;
C51 COMPILER V9.60.0.0   DOORCODE                                                          11/14/2020 21:21:07 PAGE 3   

 117   3              }
 118   2              r1=1;r2=1;r3=1;r4=0;
 119   2              if(c2==0){
 120   3                  password[x]='0';
 121   3                  lcddat('*');  
 122   3                  delay(100);
 123   3                  lcdcmd(0x06);         //shift cursor to right   
 124   3                  x++;
 125   3              }
 126   2              if(x==5){
 127   3                  check();
 128   3                  delay(100);
 129   3                  lcdcmd(0x06);       //shift cursor to right
 130   3              }
 131   2              r4=1;
 132   2          }
 133   1      }
 134          void main(){
 135   1          solve();
 136   1      }
 137          void check(){
 138   1          if(password[0]==correctpassword[0]&&
 139   1             password[1]==correctpassword[1]&&
 140   1             password[2]==correctpassword[2]&&            //if entered password matches to set password
 141   1             password[3]==correctpassword[3]&&
 142   1             password[4]==correctpassword[4]){
 143   2                 IN1=1;
 144   2                 IN2=0;
 145   2                 lcdcmd(0x01);
 146   2                 lcdcmd(0x80);
 147   2                 lcddisplay("Password");
 148   2                 lcdcmd(0xc0);
 149   2                 lcddisplay("Matched");
 150   2                 delay(500);
 151   2                 IN1=0;
 152   2                 IN2=0;
 153   2                 x=0;
 154   2                 solve();
 155   2             }
 156   1             else{                                        //if password doesnt match
 157   2                 IN1=0;
 158   2                 IN2=0;
 159   2                 lcdcmd(0x01);
 160   2                 lcdcmd(0x80);
 161   2                 lcddisplay("Wrong");
 162   2                 lcdcmd(0xc0);
 163   2                 lcddisplay("Password");           
 164   2                 for(beep=0;beep<3;beep++){            
 165   3                 IN3=1;
 166   3                 IN4=0;
 167   3                 delay(200);
 168   3                 IN3=0;
 169   3                 IN4=0;
 170   3                 delay(10);
 171   3                 }
 172   2                 x=0;
 173   2                 solve();
 174   2             }
 175   1      }
 176          void lcdcmd(unsigned char cmd){
 177   1          P2=cmd;
 178   1          RS=0;
C51 COMPILER V9.60.0.0   DOORCODE                                                          11/14/2020 21:21:07 PAGE 4   

 179   1          EN=1;
 180   1          delay(1);
 181   1          EN=0;
 182   1      }
 183          void lcddat(unsigned char dat){
 184   1          P2=dat;
 185   1          RS=1;
 186   1          EN=1;
 187   1          delay(1);
 188   1          EN=0;
 189   1      }
 190          void lcddisplay(unsigned char *c){
 191   1        int k;  
 192   1        for(k=0;c[k]!='\0';k++){
 193   2              lcddat(c[k]);
 194   2          }
 195   1          delay(100);
 196   1      }
 197          
 198          
 199          


MODULE INFORMATION:   STATIC OVERLAYABLE
   CODE SIZE        =    666    ----
   CONSTANT SIZE    =     58    ----
   XDATA SIZE       =   ----    ----
   PDATA SIZE       =   ----    ----
   DATA SIZE        =     14       5
   IDATA SIZE       =   ----    ----
   BIT SIZE         =   ----    ----
END OF MODULE INFORMATION.


C51 COMPILATION COMPLETE.  0 WARNING(S),  0 ERROR(S)
